[0.543s] Invoking command in '/home/louis/dev_robot/src/robot_control': PYTHONPATH=/home/louis/dev_robot/install/robot_control/lib/python3.8/site-packages:${PYTHONPATH} /usr/bin/python3 setup.py egg_info --egg-base ../../build/robot_control build --build-base /home/louis/dev_robot/build/robot_control/build install --prefix /home/louis/dev_robot/install/robot_control --record /home/louis/dev_robot/build/robot_control/install.log --single-version-externally-managed
[0.699s] running egg_info
[0.699s] writing ../../build/robot_control/robot_control.egg-info/PKG-INFO
[0.700s] writing dependency_links to ../../build/robot_control/robot_control.egg-info/dependency_links.txt
[0.701s] writing entry points to ../../build/robot_control/robot_control.egg-info/entry_points.txt
[0.701s] writing requirements to ../../build/robot_control/robot_control.egg-info/requires.txt
[0.701s] writing top-level names to ../../build/robot_control/robot_control.egg-info/top_level.txt
[0.733s] reading manifest file '../../build/robot_control/robot_control.egg-info/SOURCES.txt'
[0.735s] writing manifest file '../../build/robot_control/robot_control.egg-info/SOURCES.txt'
[0.735s] running build
[0.735s] running build_py
[0.736s] running install
[0.737s] running install_lib
[0.740s] running install_data
[0.741s] running install_egg_info
[0.742s] removing '/home/louis/dev_robot/install/robot_control/lib/python3.8/site-packages/robot_control-1.0.0-py3.8.egg-info' (and everything under it)
[0.743s] Copying ../../build/robot_control/robot_control.egg-info to /home/louis/dev_robot/install/robot_control/lib/python3.8/site-packages/robot_control-1.0.0-py3.8.egg-info
[0.744s] running install_scripts
[0.757s] Installing motor_control script to /home/louis/dev_robot/install/robot_control/lib/robot_control
[0.758s] Installing path_control script to /home/louis/dev_robot/install/robot_control/lib/robot_control
[0.758s] writing list of installed files to '/home/louis/dev_robot/build/robot_control/install.log'
[0.782s] Invoked command in '/home/louis/dev_robot/src/robot_control' returned '0': PYTHONPATH=/home/louis/dev_robot/install/robot_control/lib/python3.8/site-packages:${PYTHONPATH} /usr/bin/python3 setup.py egg_info --egg-base ../../build/robot_control build --build-base /home/louis/dev_robot/build/robot_control/build install --prefix /home/louis/dev_robot/install/robot_control --record /home/louis/dev_robot/build/robot_control/install.log --single-version-externally-managed
