[0.466s] Invoking command in '/home/louis/dev_robot/src/robot_control': PYTHONPATH=/home/louis/dev_robot/install/robot_control/lib/python3.8/site-packages:${PYTHONPATH} /usr/bin/python3 setup.py egg_info --egg-base ../../build/robot_control build --build-base /home/louis/dev_robot/build/robot_control/build install --prefix /home/louis/dev_robot/install/robot_control --record /home/louis/dev_robot/build/robot_control/install.log --single-version-externally-managed
[0.627s] running egg_info
[0.628s] writing ../../build/robot_control/robot_control.egg-info/PKG-INFO
[0.629s] writing dependency_links to ../../build/robot_control/robot_control.egg-info/dependency_links.txt
[0.629s] writing entry points to ../../build/robot_control/robot_control.egg-info/entry_points.txt
[0.629s] writing requirements to ../../build/robot_control/robot_control.egg-info/requires.txt
[0.630s] writing top-level names to ../../build/robot_control/robot_control.egg-info/top_level.txt
[0.657s] reading manifest file '../../build/robot_control/robot_control.egg-info/SOURCES.txt'
[0.658s] writing manifest file '../../build/robot_control/robot_control.egg-info/SOURCES.txt'
[0.658s] running build
[0.658s] running build_py
[0.659s] running install
[0.659s] running install_lib
[0.661s] byte-compiling /home/louis/dev_robot/install/robot_control/lib/python3.8/site-packages/robot_control/Control_V3.py to Control_V3.cpython-38.pyc
[0.662s] Sorry: TabError: inconsistent use of tabs and spaces in indentation (Control_V3.py, line 74)
[0.662s] running install_data
[0.662s] running install_egg_info
[0.664s] removing '/home/louis/dev_robot/install/robot_control/lib/python3.8/site-packages/robot_control-1.0.0-py3.8.egg-info' (and everything under it)
[0.664s] Copying ../../build/robot_control/robot_control.egg-info to /home/louis/dev_robot/install/robot_control/lib/python3.8/site-packages/robot_control-1.0.0-py3.8.egg-info
[0.665s] running install_scripts
[0.678s] Installing motor_control script to /home/louis/dev_robot/install/robot_control/lib/robot_control
[0.678s] Installing path_control script to /home/louis/dev_robot/install/robot_control/lib/robot_control
[0.679s] writing list of installed files to '/home/louis/dev_robot/build/robot_control/install.log'
[0.697s] Invoked command in '/home/louis/dev_robot/src/robot_control' returned '0': PYTHONPATH=/home/louis/dev_robot/install/robot_control/lib/python3.8/site-packages:${PYTHONPATH} /usr/bin/python3 setup.py egg_info --egg-base ../../build/robot_control build --build-base /home/louis/dev_robot/build/robot_control/build install --prefix /home/louis/dev_robot/install/robot_control --record /home/louis/dev_robot/build/robot_control/install.log --single-version-externally-managed
