[0.471s] Invoking command in '/home/louis/dev_robot/src/robot_control': PYTHONPATH=/home/louis/dev_robot/install/robot_control/lib/python3.8/site-packages:${PYTHONPATH} /usr/bin/python3 setup.py egg_info --egg-base ../../build/robot_control build --build-base /home/louis/dev_robot/build/robot_control/build install --prefix /home/louis/dev_robot/install/robot_control --record /home/louis/dev_robot/build/robot_control/install.log --single-version-externally-managed
[0.625s] running egg_info
[0.626s] writing ../../build/robot_control/robot_control.egg-info/PKG-INFO
[0.626s] writing dependency_links to ../../build/robot_control/robot_control.egg-info/dependency_links.txt
[0.626s] writing entry points to ../../build/robot_control/robot_control.egg-info/entry_points.txt
[0.627s] writing requirements to ../../build/robot_control/robot_control.egg-info/requires.txt
[0.628s] writing top-level names to ../../build/robot_control/robot_control.egg-info/top_level.txt
[0.655s] reading manifest file '../../build/robot_control/robot_control.egg-info/SOURCES.txt'
[0.656s] writing manifest file '../../build/robot_control/robot_control.egg-info/SOURCES.txt'
[0.656s] running build
[0.656s] running build_py
[0.656s] running install
[0.657s] running install_lib
[0.658s] byte-compiling /home/louis/dev_robot/install/robot_control/lib/python3.8/site-packages/robot_control/Control_V3.py to Control_V3.cpython-38.pyc
[0.659s]   File "/home/louis/dev_robot/install/robot_control/lib/python3.8/site-packages/robot_control/Control_V3.py", line 71
[0.660s]     match self.motor_ctrl_state:
[0.660s]           ^
[0.660s] SyntaxError: invalid syntax
[0.660s] 
[0.660s] running install_data
[0.660s] running install_egg_info
[0.662s] removing '/home/louis/dev_robot/install/robot_control/lib/python3.8/site-packages/robot_control-1.0.0-py3.8.egg-info' (and everything under it)
[0.662s] Copying ../../build/robot_control/robot_control.egg-info to /home/louis/dev_robot/install/robot_control/lib/python3.8/site-packages/robot_control-1.0.0-py3.8.egg-info
[0.663s] running install_scripts
[0.677s] Installing motor_control script to /home/louis/dev_robot/install/robot_control/lib/robot_control
[0.677s] Installing path_control script to /home/louis/dev_robot/install/robot_control/lib/robot_control
[0.678s] writing list of installed files to '/home/louis/dev_robot/build/robot_control/install.log'
[0.699s] Invoked command in '/home/louis/dev_robot/src/robot_control' returned '0': PYTHONPATH=/home/louis/dev_robot/install/robot_control/lib/python3.8/site-packages:${PYTHONPATH} /usr/bin/python3 setup.py egg_info --egg-base ../../build/robot_control build --build-base /home/louis/dev_robot/build/robot_control/build install --prefix /home/louis/dev_robot/install/robot_control --record /home/louis/dev_robot/build/robot_control/install.log --single-version-externally-managed
