[0.500s] Invoking command in 'C:\dev_robot\src\robot_control': PYTHONPATH=C:\dev_robot\src\install\Lib\site-packages;%PYTHONPATH% c:\opt\ros\foxy\x64\python.exe setup.py egg_info --egg-base C:\dev_robot\src\build\robot_control build --build-base C:\dev_robot\src\build\robot_control\build install --prefix C:\dev_robot\src\install --record C:\dev_robot\src\build\robot_control\install.log --single-version-externally-managed
[0.875s] running egg_info
[0.890s] creating C:\dev_robot\src\build\robot_control\robot_control.egg-info
[0.890s] writing C:\dev_robot\src\build\robot_control\robot_control.egg-info\PKG-INFO
[0.890s] writing dependency_links to C:\dev_robot\src\build\robot_control\robot_control.egg-info\dependency_links.txt
[0.890s] writing entry points to C:\dev_robot\src\build\robot_control\robot_control.egg-info\entry_points.txt
[0.890s] writing requirements to C:\dev_robot\src\build\robot_control\robot_control.egg-info\requires.txt
[0.890s] writing top-level names to C:\dev_robot\src\build\robot_control\robot_control.egg-info\top_level.txt
[0.890s] writing manifest file 'C:\dev_robot\src\build\robot_control\robot_control.egg-info\SOURCES.txt'
[0.906s] reading manifest file 'C:\dev_robot\src\build\robot_control\robot_control.egg-info\SOURCES.txt'
[0.906s] writing manifest file 'C:\dev_robot\src\build\robot_control\robot_control.egg-info\SOURCES.txt'
[0.906s] running build
[0.906s] running build_py
[0.906s] creating C:\dev_robot\src\build\robot_control\build
[0.906s] creating C:\dev_robot\src\build\robot_control\build\lib
[0.906s] creating C:\dev_robot\src\build\robot_control\build\lib\robot_control
[0.906s] copying robot_control\motor_control.py -> C:\dev_robot\src\build\robot_control\build\lib\robot_control
[0.922s] copying robot_control\__init__.py -> C:\dev_robot\src\build\robot_control\build\lib\robot_control
[0.922s] running install
[0.922s] running install_lib
[0.922s] creating C:\dev_robot\src\install\Lib\site-packages\robot_control
[0.922s] copying C:\dev_robot\src\build\robot_control\build\lib\robot_control\motor_control.py -> C:\dev_robot\src\install\Lib\site-packages\robot_control
[0.922s] copying C:\dev_robot\src\build\robot_control\build\lib\robot_control\__init__.py -> C:\dev_robot\src\install\Lib\site-packages\robot_control
[0.922s] writing byte-compilation script 'C:\Users\guibe\AppData\Local\Temp\tmp9xcmy20_.py'
[0.922s] c:\opt\ros\foxy\x64\python.exe C:\Users\guibe\AppData\Local\Temp\tmp9xcmy20_.py
[0.984s] removing C:\Users\guibe\AppData\Local\Temp\tmp9xcmy20_.py
[0.984s] running install_data
[0.984s] creating C:\dev_robot\src\install\share\ament_index
[0.984s] creating C:\dev_robot\src\install\share\ament_index\resource_index
[0.984s] creating C:\dev_robot\src\install\share\ament_index\resource_index\packages
[0.984s] copying resource\robot_control -> C:\dev_robot\src\install\share\ament_index\resource_index\packages
[0.984s] copying package.xml -> C:\dev_robot\src\install\share\robot_control
[0.984s] running install_egg_info
[0.984s] Copying C:\dev_robot\src\build\robot_control\robot_control.egg-info to C:\dev_robot\src\install\Lib\site-packages\robot_control-0.0.0-py3.8.egg-info
[1.015s] running install_scripts
[1.031s] Installing motor_control-script.py script to C:\dev_robot\src\install\lib\robot_control
[1.031s] Installing motor_control.exe script to C:\dev_robot\src\install\lib\robot_control
[1.031s] writing list of installed files to 'C:\dev_robot\src\build\robot_control\install.log'
[1.062s] Invoked command in 'C:\dev_robot\src\robot_control' returned '0': PYTHONPATH=C:\dev_robot\src\install\Lib\site-packages;%PYTHONPATH% c:\opt\ros\foxy\x64\python.exe setup.py egg_info --egg-base C:\dev_robot\src\build\robot_control build --build-base C:\dev_robot\src\build\robot_control\build install --prefix C:\dev_robot\src\install --record C:\dev_robot\src\build\robot_control\install.log --single-version-externally-managed
