[0.477s] Invoking command in '/home/louis/dev_robot/src/robot_control': PYTHONPATH=/home/louis/dev_robot/install/robot_control/lib/python3.8/site-packages:${PYTHONPATH} /usr/bin/python3 setup.py egg_info --egg-base ../../build/robot_control build --build-base /home/louis/dev_robot/build/robot_control/build install --prefix /home/louis/dev_robot/install/robot_control --record /home/louis/dev_robot/build/robot_control/install.log --single-version-externally-managed
[0.633s] running egg_info
[0.634s] writing ../../build/robot_control/robot_control.egg-info/PKG-INFO
[0.634s] writing dependency_links to ../../build/robot_control/robot_control.egg-info/dependency_links.txt
[0.634s] writing entry points to ../../build/robot_control/robot_control.egg-info/entry_points.txt
[0.635s] writing requirements to ../../build/robot_control/robot_control.egg-info/requires.txt
[0.635s] writing top-level names to ../../build/robot_control/robot_control.egg-info/top_level.txt
[0.662s] reading manifest file '../../build/robot_control/robot_control.egg-info/SOURCES.txt'
[0.662s] writing manifest file '../../build/robot_control/robot_control.egg-info/SOURCES.txt'
[0.663s] running build
[0.663s] running build_py
[0.663s] running install
[0.664s] running install_lib
[0.665s] byte-compiling /home/louis/dev_robot/install/robot_control/lib/python3.8/site-packages/robot_control/Control_V3.py to Control_V3.cpython-38.pyc
[0.666s] running install_data
[0.667s] running install_egg_info
[0.668s] removing '/home/louis/dev_robot/install/robot_control/lib/python3.8/site-packages/robot_control-1.0.0-py3.8.egg-info' (and everything under it)
[0.669s] Copying ../../build/robot_control/robot_control.egg-info to /home/louis/dev_robot/install/robot_control/lib/python3.8/site-packages/robot_control-1.0.0-py3.8.egg-info
[0.670s] running install_scripts
[0.682s] Installing motor_control script to /home/louis/dev_robot/install/robot_control/lib/robot_control
[0.683s] Installing path_control script to /home/louis/dev_robot/install/robot_control/lib/robot_control
[0.683s] writing list of installed files to '/home/louis/dev_robot/build/robot_control/install.log'
[0.702s] Invoked command in '/home/louis/dev_robot/src/robot_control' returned '0': PYTHONPATH=/home/louis/dev_robot/install/robot_control/lib/python3.8/site-packages:${PYTHONPATH} /usr/bin/python3 setup.py egg_info --egg-base ../../build/robot_control build --build-base /home/louis/dev_robot/build/robot_control/build install --prefix /home/louis/dev_robot/install/robot_control --record /home/louis/dev_robot/build/robot_control/install.log --single-version-externally-managed
