[0.489s] Invoking command in '/home/louis/dev_robot/src/robot_control': PYTHONPATH=/home/louis/dev_robot/install/robot_control/lib/python3.8/site-packages:${PYTHONPATH} /usr/bin/python3 setup.py egg_info --egg-base ../../build/robot_control build --build-base /home/louis/dev_robot/build/robot_control/build install --prefix /home/louis/dev_robot/install/robot_control --record /home/louis/dev_robot/build/robot_control/install.log --single-version-externally-managed
[0.654s] running egg_info
[0.655s] writing ../../build/robot_control/robot_control.egg-info/PKG-INFO
[0.655s] writing dependency_links to ../../build/robot_control/robot_control.egg-info/dependency_links.txt
[0.656s] writing entry points to ../../build/robot_control/robot_control.egg-info/entry_points.txt
[0.656s] writing requirements to ../../build/robot_control/robot_control.egg-info/requires.txt
[0.656s] writing top-level names to ../../build/robot_control/robot_control.egg-info/top_level.txt
[0.683s] reading manifest file '../../build/robot_control/robot_control.egg-info/SOURCES.txt'
[0.684s] writing manifest file '../../build/robot_control/robot_control.egg-info/SOURCES.txt'
[0.684s] running build
[0.684s] running build_py
[0.684s] running install
[0.685s] running install_lib
[0.687s] byte-compiling /home/louis/dev_robot/install/robot_control/lib/python3.8/site-packages/robot_control/Control_V3.py to Control_V3.cpython-38.pyc
[0.688s]   File "/home/louis/dev_robot/install/robot_control/lib/python3.8/site-packages/robot_control/Control_V3.py", line 73
[0.688s]     match 0:
[0.688s]           ^
[0.688s] SyntaxError: invalid syntax
[0.688s] 
[0.688s] running install_data
[0.689s] running install_egg_info
[0.690s] removing '/home/louis/dev_robot/install/robot_control/lib/python3.8/site-packages/robot_control-1.0.0-py3.8.egg-info' (and everything under it)
[0.690s] Copying ../../build/robot_control/robot_control.egg-info to /home/louis/dev_robot/install/robot_control/lib/python3.8/site-packages/robot_control-1.0.0-py3.8.egg-info
[0.691s] running install_scripts
[0.704s] Installing motor_control script to /home/louis/dev_robot/install/robot_control/lib/robot_control
[0.705s] Installing path_control script to /home/louis/dev_robot/install/robot_control/lib/robot_control
[0.705s] writing list of installed files to '/home/louis/dev_robot/build/robot_control/install.log'
[0.748s] Invoked command in '/home/louis/dev_robot/src/robot_control' returned '0': PYTHONPATH=/home/louis/dev_robot/install/robot_control/lib/python3.8/site-packages:${PYTHONPATH} /usr/bin/python3 setup.py egg_info --egg-base ../../build/robot_control build --build-base /home/louis/dev_robot/build/robot_control/build install --prefix /home/louis/dev_robot/install/robot_control --record /home/louis/dev_robot/build/robot_control/install.log --single-version-externally-managed
