[0.000000] (-) TimerEvent: {}
[0.000000] (robot_control) JobQueued: {'identifier': 'robot_control', 'dependencies': OrderedDict()}
[0.000000] (robot_control) JobStarted: {'identifier': 'robot_control'}
[0.125000] (-) TimerEvent: {}
[0.234000] (-) TimerEvent: {}
[0.344000] (-) TimerEvent: {}
[0.453000] (-) TimerEvent: {}
[0.500000] (robot_control) Command: {'cmd': ['c:\\opt\\ros\\foxy\\x64\\python.exe', 'setup.py', 'egg_info', '--egg-base', 'C:\\dev_robot\\src\\build\\robot_control', 'build', '--build-base', 'C:\\dev_robot\\src\\build\\robot_control\\build', 'install', '--prefix', 'C:\\dev_robot\\src\\install', '--record', 'C:\\dev_robot\\src\\build\\robot_control\\install.log', '--single-version-externally-managed'], 'cwd': 'C:\\dev_robot\\src\\robot_control', 'env': {'ALLUSERSPROFILE': 'C:\\ProgramData', 'AMENT_PREFIX_PATH': 'C:\\opt\\ros\\foxy\\x64', 'APPDATA': 'C:\\Users\\guibe\\AppData\\Roaming', 'ChocolateyInstall': 'c:\\opt\\chocolatey', 'ChocolateyLastPathUpdate': '133008226566907819', 'CMAKE_PREFIX_PATH': 'C:\\opt\\ros\\foxy\\x64\\tools\\vcpkg\\installed\\x64-windows;C:\\opt\\ros\\foxy\\x64', 'COLCON': '1', 'COLCON_PREFIX_PATH': 'C:\\opt\\ros\\foxy\\x64\\', 'CommandPromptType': 'Native', 'CommonProgramFiles': 'C:\\Program Files\\Common Files', 'CommonProgramFiles(x86)': 'C:\\Program Files (x86)\\Common Files', 'CommonProgramW6432': 'C:\\Program Files\\Common Files', 'COMPUTERNAME': 'LOUISLAPTOP', 'ComSpec': 'C:\\Windows\\system32\\cmd.exe', 'DevEnvDir': 'C:\\Program Files (x86)\\Microsoft Visual Studio\\2019\\Community\\Common7\\IDE\\', 'DriverData': 'C:\\Windows\\System32\\Drivers\\DriverData', 'ExtensionSdkDir': 'C:\\Program Files (x86)\\Microsoft SDKs\\Windows Kits\\10\\ExtensionSDKs', 'Framework40Version': 'v4.0', 'FrameworkDir': 'C:\\Windows\\Microsoft.NET\\Framework64\\', 'FrameworkDir64': 'C:\\Windows\\Microsoft.NET\\Framework64\\', 'FrameworkVersion': 'v4.0.30319', 'FrameworkVersion64': 'v4.0.30319', 'HOMEDRIVE': 'C:', 'HOMEPATH': '\\Users\\guibe', 'HTMLHelpDir': 'C:\\Program Files (x86)\\HTML Help Workshop', 'INCLUDE': 'C:\\Program Files (x86)\\Microsoft Visual Studio\\2019\\Community\\VC\\Tools\\MSVC\\14.29.30133\\ATLMFC\\include;C:\\Program Files (x86)\\Microsoft Visual Studio\\2019\\Community\\VC\\Tools\\MSVC\\14.29.30133\\include;C:\\Program Files (x86)\\Windows Kits\\10\\include\\10.0.19041.0\\ucrt;C:\\Program Files (x86)\\Windows Kits\\10\\include\\10.0.19041.0\\shared;C:\\Program Files (x86)\\Windows Kits\\10\\include\\10.0.19041.0\\um;C:\\Program Files (x86)\\Windows Kits\\10\\include\\10.0.19041.0\\winrt;C:\\Program Files (x86)\\Windows Kits\\10\\include\\10.0.19041.0\\cppwinrt', 'LIB': 'C:\\Program Files (x86)\\Microsoft Visual Studio\\2019\\Community\\VC\\Tools\\MSVC\\14.29.30133\\ATLMFC\\lib\\x64;C:\\Program Files (x86)\\Microsoft Visual Studio\\2019\\Community\\VC\\Tools\\MSVC\\14.29.30133\\lib\\x64;C:\\Program Files (x86)\\Windows Kits\\10\\lib\\10.0.19041.0\\ucrt\\x64;C:\\Program Files (x86)\\Windows Kits\\10\\lib\\10.0.19041.0\\um\\x64', 'LIBPATH': 'C:\\Program Files (x86)\\Microsoft Visual Studio\\2019\\Community\\VC\\Tools\\MSVC\\14.29.30133\\ATLMFC\\lib\\x64;C:\\Program Files (x86)\\Microsoft Visual Studio\\2019\\Community\\VC\\Tools\\MSVC\\14.29.30133\\lib\\x64;C:\\Program Files (x86)\\Microsoft Visual Studio\\2019\\Community\\VC\\Tools\\MSVC\\14.29.30133\\lib\\x86\\store\\references;C:\\Program Files (x86)\\Windows Kits\\10\\UnionMetadata\\10.0.19041.0;C:\\Program Files (x86)\\Windows Kits\\10\\References\\10.0.19041.0;C:\\Windows\\Microsoft.NET\\Framework64\\v4.0.30319', 'LOCALAPPDATA': 'C:\\Users\\guibe\\AppData\\Local', 'LOGONSERVER': '\\\\LOUISLAPTOP', 'NUMBER_OF_PROCESSORS': '16', 'OneDrive': 'C:\\Users\\guibe\\OneDrive', 'OneDriveConsumer': 'C:\\Users\\guibe\\OneDrive', 'OS': 'Windows_NT', 'Path': 'C:\\opt\\ros\\foxy\\x64\\opt\\rviz_ogre_vendor\\bin;C:\\opt\\ros\\foxy\\x64\\tools\\vcpkg\\installed\\x64-windows\\bin;C:\\opt\\ros\\foxy\\x64\\tools\\vcpkg;C:\\opt\\ros\\foxy\\x64\\Scripts;C:\\opt\\ros\\foxy\\x64\\bin;c:\\opt\\ros\\foxy\\x64\\;C:\\Program Files (x86)\\Microsoft Visual Studio\\2019\\Community\\Common7\\IDE\\\\Extensions\\Microsoft\\IntelliCode\\CLI;C:\\Program Files (x86)\\Microsoft Visual Studio\\2019\\Community\\VC\\Tools\\MSVC\\14.29.30133\\bin\\HostX64\\x64;C:\\Program Files (x86)\\Microsoft Visual Studio\\2019\\Community\\Common7\\IDE\\VC\\VCPackages;C:\\Program Files (x86)\\Microsoft Visual Studio\\2019\\Community\\Common7\\IDE\\CommonExtensions\\Microsoft\\TestWindow;C:\\Program Files (x86)\\Microsoft Visual Studio\\2019\\Community\\Common7\\IDE\\CommonExtensions\\Microsoft\\TeamFoundation\\Team Explorer;C:\\Program Files (x86)\\Microsoft Visual Studio\\2019\\Community\\MSBuild\\Current\\bin\\Roslyn;C:\\Program Files (x86)\\Microsoft Visual Studio\\2019\\Community\\Team Tools\\Performance Tools\\x64;C:\\Program Files (x86)\\Microsoft Visual Studio\\2019\\Community\\Team Tools\\Performance Tools;C:\\Program Files (x86)\\Microsoft Visual Studio\\Shared\\Common\\VSPerfCollectionTools\\vs2019\\\\x64;C:\\Program Files (x86)\\Microsoft Visual Studio\\Shared\\Common\\VSPerfCollectionTools\\vs2019\\;C:\\Program Files (x86)\\HTML Help Workshop;C:\\Program Files (x86)\\Microsoft Visual Studio\\2019\\Community\\Common7\\Tools\\devinit;C:\\Program Files (x86)\\Windows Kits\\10\\bin\\10.0.19041.0\\x64;C:\\Program Files (x86)\\Windows Kits\\10\\bin\\x64;C:\\Program Files (x86)\\Microsoft Visual Studio\\2019\\Community\\\\MSBuild\\Current\\Bin;C:\\Windows\\Microsoft.NET\\Framework64\\v4.0.30319;C:\\Program Files (x86)\\Microsoft Visual Studio\\2019\\Community\\Common7\\IDE\\;C:\\Program Files (x86)\\Microsoft Visual Studio\\2019\\Community\\Common7\\Tools\\;C:\\Python310\\Scripts\\;C:\\Python310\\;C:\\Windows\\system32;C:\\Windows;C:\\Windows\\System32\\Wbem;C:\\Windows\\System32\\WindowsPowerShell\\v1.0\\;C:\\Windows\\System32\\OpenSSH\\;C:\\Program Files (x86)\\NVIDIA Corporation\\PhysX\\Common;C:\\Program Files\\NVIDIA Corporation\\NVIDIA NvDLISR;C:\\ProgramData\\chocolatey\\bin;C:\\Program Files\\Git\\cmd;C:\\Program Files\\Graphviz\\bin;C:\\Program Files\\Graphviz\\bin\\dot.exe;C:\\Users\\guibe\\AppData\\Local\\Microsoft\\WindowsApps;C:\\Users\\guibe\\AppData\\Local\\Programs\\Microsoft VS Code\\bin;C:\\Program Files (x86)\\Microsoft Visual Studio\\2019\\Community\\VC\\Tools\\Llvm\\x64\\bin;C:\\Program Files (x86)\\Microsoft Visual Studio\\2019\\Community\\Common7\\IDE\\CommonExtensions\\Microsoft\\CMake\\CMake\\bin;C:\\Program Files (x86)\\Microsoft Visual Studio\\2019\\Community\\Common7\\IDE\\CommonExtensions\\Microsoft\\CMake\\Ninja', 'PATHEXT': '.COM;.EXE;.BAT;.CMD;.VBS;.VBE;.JS;.JSE;.WSF;.WSH;.MSC;.PY;.PYW', 'PKG_CONFIG_PATH': 'C:\\opt\\ros\\foxy\\x64\\lib\\pkgconfig', 'PROCESSOR_ARCHITECTURE': 'AMD64', 'PROCESSOR_IDENTIFIER': 'AMD64 Family 25 Model 80 Stepping 0, AuthenticAMD', 'PROCESSOR_LEVEL': '25', 'PROCESSOR_REVISION': '5000', 'ProgramData': 'C:\\ProgramData', 'ProgramFiles': 'C:\\Program Files', 'ProgramFiles(x86)': 'C:\\Program Files (x86)', 'ProgramW6432': 'C:\\Program Files', 'PROMPT': '$P$G', 'PSModulePath': 'C:\\Program Files\\WindowsPowerShell\\Modules;C:\\Windows\\system32\\WindowsPowerShell\\v1.0\\Modules', 'PUBLIC': 'C:\\Users\\Public', 'PYTHONPATH': 'C:\\dev_robot\\src\\install\\Lib\\site-packages;C:\\opt\\ros\\foxy\\x64\\Lib\\site-packages', 'ROS_DISTRO': 'foxy', 'ROS_DOMAIN_ID': '7', 'ROS_ETC_DIR': 'C:\\opt\\ros\\foxy\\x64\\etc\\ros', 'ROS_LOCALHOST_ONLY': '0', 'ROS_PYTHON_VERSION': '3', 'ROS_VERSION': '2', 'SDF_PATH': 'C:\\opt\\ros\\foxy\\x64\\share\\sdformat\\1.6', 'SystemDrive': 'C:', 'SystemRoot': 'C:\\Windows', 'TEMP': 'C:\\Users\\guibe\\AppData\\Local\\Temp', 'TMP': 'C:\\Users\\guibe\\AppData\\Local\\Temp', 'UCRTVersion': '10.0.19041.0', 'UniversalCRTSdkDir': 'C:\\Program Files (x86)\\Windows Kits\\10\\', 'USERDOMAIN': 'LOUISLAPTOP', 'USERDOMAIN_ROAMINGPROFILE': 'LOUISLAPTOP', 'USERNAME': 'guibe', 'USERPROFILE': 'C:\\Users\\guibe', 'VBOX_MSI_INSTALL_PATH': 'C:\\Program Files\\Oracle\\VirtualBox\\', 'VCIDEInstallDir': 'C:\\Program Files (x86)\\Microsoft Visual Studio\\2019\\Community\\Common7\\IDE\\VC\\', 'VCINSTALLDIR': 'C:\\Program Files (x86)\\Microsoft Visual Studio\\2019\\Community\\VC\\', 'VCPKG_DEFAULT_TRIPLET': 'x64-windows', 'VCPKG_ROOT': 'C:\\opt\\ros\\foxy\\x64\\tools\\vcpkg', 'VCToolsInstallDir': 'C:\\Program Files (x86)\\Microsoft Visual Studio\\2019\\Community\\VC\\Tools\\MSVC\\14.29.30133\\', 'VCToolsRedistDir': 'C:\\Program Files (x86)\\Microsoft Visual Studio\\2019\\Community\\VC\\Redist\\MSVC\\14.29.30133\\', 'VCToolsVersion': '14.29.30133', 'VisualStudioVersion': '16.0', 'VS160COMNTOOLS': 'C:\\Program Files (x86)\\Microsoft Visual Studio\\2019\\Community\\Common7\\Tools\\', 'VSCMD_ARG_app_plat': 'Desktop', 'VSCMD_ARG_HOST_ARCH': 'x64', 'VSCMD_ARG_TGT_ARCH': 'x64', 'VSCMD_VER': '16.11.17', 'VSINSTALLDIR': 'C:\\Program Files (x86)\\Microsoft Visual Studio\\2019\\Community\\', 'windir': 'C:\\Windows', 'WindowsLibPath': 'C:\\Program Files (x86)\\Windows Kits\\10\\UnionMetadata\\10.0.19041.0;C:\\Program Files (x86)\\Windows Kits\\10\\References\\10.0.19041.0', 'WindowsSdkBinPath': 'C:\\Program Files (x86)\\Windows Kits\\10\\bin\\', 'WindowsSdkDir': 'C:\\Program Files (x86)\\Windows Kits\\10\\', 'WindowsSDKLibVersion': '10.0.19041.0\\', 'WindowsSdkVerBinPath': 'C:\\Program Files (x86)\\Windows Kits\\10\\bin\\10.0.19041.0\\', 'WindowsSDKVersion': '10.0.19041.0\\', 'WSLENV': 'WT_SESSION::WT_PROFILE_ID', 'WT_PROFILE_ID': '{6b20c8b6-2a77-4b6e-9a21-10b5c1e557e3}', 'WT_SESSION': '1653631e-1f74-4a82-82dd-6526f18eec3f', '__devinit_path': 'C:\\Program Files (x86)\\Microsoft Visual Studio\\2019\\Community\\Common7\\Tools\\devinit\\devinit.exe', '__DOTNET_ADD_64BIT': '1', '__DOTNET_PREFERRED_BITNESS': '64', '__VSCMD_PREINIT_PATH': 'C:\\Python310\\Scripts\\;C:\\Python310\\;C:\\Windows\\system32;C:\\Windows;C:\\Windows\\System32\\Wbem;C:\\Windows\\System32\\WindowsPowerShell\\v1.0\\;C:\\Windows\\System32\\OpenSSH\\;C:\\Program Files (x86)\\NVIDIA Corporation\\PhysX\\Common;C:\\Program Files\\NVIDIA Corporation\\NVIDIA NvDLISR;C:\\ProgramData\\chocolatey\\bin;C:\\Program Files\\Git\\cmd;C:\\Program Files\\Graphviz\\bin;C:\\Program Files\\Graphviz\\bin\\dot.exe;C:\\Users\\guibe\\AppData\\Local\\Microsoft\\WindowsApps;C:\\Users\\guibe\\AppData\\Local\\Programs\\Microsoft VS Code\\bin', '__VSCMD_script_err_count': '0'}, 'shell': False}
[0.578000] (-) TimerEvent: {}
[0.687000] (-) TimerEvent: {}
[0.797000] (-) TimerEvent: {}
[0.875000] (robot_control) StdoutLine: {'line': b'running egg_info\r\n'}
[0.890000] (robot_control) StdoutLine: {'line': b'creating C:\\dev_robot\\src\\build\\robot_control\\robot_control.egg-info\r\n'}
[0.890000] (robot_control) StdoutLine: {'line': b'writing C:\\dev_robot\\src\\build\\robot_control\\robot_control.egg-info\\PKG-INFO\r\n'}
[0.890000] (robot_control) StdoutLine: {'line': b'writing dependency_links to C:\\dev_robot\\src\\build\\robot_control\\robot_control.egg-info\\dependency_links.txt\r\n'}
[0.890000] (robot_control) StdoutLine: {'line': b'writing entry points to C:\\dev_robot\\src\\build\\robot_control\\robot_control.egg-info\\entry_points.txt\r\n'}
[0.890000] (robot_control) StdoutLine: {'line': b'writing requirements to C:\\dev_robot\\src\\build\\robot_control\\robot_control.egg-info\\requires.txt\r\n'}
[0.890000] (robot_control) StdoutLine: {'line': b'writing top-level names to C:\\dev_robot\\src\\build\\robot_control\\robot_control.egg-info\\top_level.txt\r\n'}
[0.890000] (robot_control) StdoutLine: {'line': b"writing manifest file 'C:\\dev_robot\\src\\build\\robot_control\\robot_control.egg-info\\SOURCES.txt'\r\n"}
[0.906000] (-) TimerEvent: {}
[0.906000] (robot_control) StdoutLine: {'line': b"reading manifest file 'C:\\dev_robot\\src\\build\\robot_control\\robot_control.egg-info\\SOURCES.txt'\r\n"}
[0.906000] (robot_control) StdoutLine: {'line': b"writing manifest file 'C:\\dev_robot\\src\\build\\robot_control\\robot_control.egg-info\\SOURCES.txt'\r\n"}
[0.906000] (robot_control) StdoutLine: {'line': b'running build\r\n'}
[0.906000] (robot_control) StdoutLine: {'line': b'running build_py\r\n'}
[0.906000] (robot_control) StdoutLine: {'line': b'creating C:\\dev_robot\\src\\build\\robot_control\\build\r\n'}
[0.906000] (robot_control) StdoutLine: {'line': b'creating C:\\dev_robot\\src\\build\\robot_control\\build\\lib\r\n'}
[0.906000] (robot_control) StdoutLine: {'line': b'creating C:\\dev_robot\\src\\build\\robot_control\\build\\lib\\robot_control\r\n'}
[0.906000] (robot_control) StdoutLine: {'line': b'copying robot_control\\motor_control.py -> C:\\dev_robot\\src\\build\\robot_control\\build\\lib\\robot_control\r\n'}
[0.922000] (robot_control) StdoutLine: {'line': b'copying robot_control\\__init__.py -> C:\\dev_robot\\src\\build\\robot_control\\build\\lib\\robot_control\r\n'}
[0.922000] (robot_control) StdoutLine: {'line': b'running install\r\n'}
[0.922000] (robot_control) StdoutLine: {'line': b'running install_lib\r\n'}
[0.922000] (robot_control) StdoutLine: {'line': b'creating C:\\dev_robot\\src\\install\\Lib\\site-packages\\robot_control\r\n'}
[0.922000] (robot_control) StdoutLine: {'line': b'copying C:\\dev_robot\\src\\build\\robot_control\\build\\lib\\robot_control\\motor_control.py -> C:\\dev_robot\\src\\install\\Lib\\site-packages\\robot_control\r\n'}
[0.922000] (robot_control) StdoutLine: {'line': b'copying C:\\dev_robot\\src\\build\\robot_control\\build\\lib\\robot_control\\__init__.py -> C:\\dev_robot\\src\\install\\Lib\\site-packages\\robot_control\r\n'}
[0.922000] (robot_control) StdoutLine: {'line': b"writing byte-compilation script 'C:\\Users\\guibe\\AppData\\Local\\Temp\\tmp9xcmy20_.py'\r\n"}
[0.922000] (robot_control) StdoutLine: {'line': b'c:\\opt\\ros\\foxy\\x64\\python.exe C:\\Users\\guibe\\AppData\\Local\\Temp\\tmp9xcmy20_.py\r\n'}
[0.984000] (robot_control) StdoutLine: {'line': b'removing C:\\Users\\guibe\\AppData\\Local\\Temp\\tmp9xcmy20_.py\r\n'}
[0.984000] (robot_control) StdoutLine: {'line': b'running install_data\r\n'}
[0.984000] (robot_control) StdoutLine: {'line': b'creating C:\\dev_robot\\src\\install\\share\\ament_index\r\n'}
[0.984000] (robot_control) StdoutLine: {'line': b'creating C:\\dev_robot\\src\\install\\share\\ament_index\\resource_index\r\n'}
[0.984000] (robot_control) StdoutLine: {'line': b'creating C:\\dev_robot\\src\\install\\share\\ament_index\\resource_index\\packages\r\n'}
[0.984000] (robot_control) StdoutLine: {'line': b'copying resource\\robot_control -> C:\\dev_robot\\src\\install\\share\\ament_index\\resource_index\\packages\r\n'}
[0.984000] (robot_control) StdoutLine: {'line': b'copying package.xml -> C:\\dev_robot\\src\\install\\share\\robot_control\r\n'}
[0.984000] (robot_control) StdoutLine: {'line': b'running install_egg_info\r\n'}
[0.984000] (robot_control) StdoutLine: {'line': b'Copying C:\\dev_robot\\src\\build\\robot_control\\robot_control.egg-info to C:\\dev_robot\\src\\install\\Lib\\site-packages\\robot_control-0.0.0-py3.8.egg-info\r\n'}
[1.015000] (robot_control) StdoutLine: {'line': b'running install_scripts\r\n'}
[1.015000] (-) TimerEvent: {}
[1.031000] (robot_control) StdoutLine: {'line': b'Installing motor_control-script.py script to C:\\dev_robot\\src\\install\\lib\\robot_control\r\n'}
[1.031000] (robot_control) StdoutLine: {'line': b'Installing motor_control.exe script to C:\\dev_robot\\src\\install\\lib\\robot_control\r\n'}
[1.031000] (robot_control) StdoutLine: {'line': b"writing list of installed files to 'C:\\dev_robot\\src\\build\\robot_control\\install.log'\r\n"}
[1.062000] (robot_control) CommandEnded: {'returncode': 0}
[1.094000] (robot_control) JobEnded: {'identifier': 'robot_control', 'rc': 0}
[1.094000] (-) EventReactorShutdown: {}
