running egg_info
writing C:\dev_robot\src\build\robot_control\robot_control.egg-info\PKG-INFO
writing dependency_links to C:\dev_robot\src\build\robot_control\robot_control.egg-info\dependency_links.txt
writing entry points to C:\dev_robot\src\build\robot_control\robot_control.egg-info\entry_points.txt
writing requirements to C:\dev_robot\src\build\robot_control\robot_control.egg-info\requires.txt
writing top-level names to C:\dev_robot\src\build\robot_control\robot_control.egg-info\top_level.txt
reading manifest file 'C:\dev_robot\src\build\robot_control\robot_control.egg-info\SOURCES.txt'
writing manifest file 'C:\dev_robot\src\build\robot_control\robot_control.egg-info\SOURCES.txt'
running build
running build_py
copying robot_control\Control_V3.py -> C:\dev_robot\src\build\robot_control\build\lib\robot_control
running install
running install_lib
copying C:\dev_robot\src\build\robot_control\build\lib\robot_control\Control_V3.py -> C:\dev_robot\src\install\Lib\site-packages\robot_control
writing byte-compilation script 'C:\Users\guibe\AppData\Local\Temp\tmpue16cs2z.py'
c:\opt\ros\foxy\x64\python.exe C:\Users\guibe\AppData\Local\Temp\tmpue16cs2z.py
removing C:\Users\guibe\AppData\Local\Temp\tmpue16cs2z.py
running install_data
running install_egg_info
removing 'C:\dev_robot\src\install\Lib\site-packages\robot_control-1.0.0-py3.8.egg-info' (and everything under it)
Copying C:\dev_robot\src\build\robot_control\robot_control.egg-info to C:\dev_robot\src\install\Lib\site-packages\robot_control-1.0.0-py3.8.egg-info
running install_scripts
Installing motor_control-script.py script to C:\dev_robot\src\install\lib\robot_control
Installing motor_control.exe script to C:\dev_robot\src\install\lib\robot_control
writing list of installed files to 'C:\dev_robot\src\build\robot_control\install.log'
