[1.125s] Invoking command in 'C:\dev_robot\src\robot_control': PYTHONPATH=C:\dev_robot\src\install\Lib\site-packages;%PYTHONPATH% c:\opt\ros\foxy\x64\python.exe setup.py egg_info --egg-base C:\dev_robot\src\build\robot_control build --build-base C:\dev_robot\src\build\robot_control\build install --prefix C:\dev_robot\src\install --record C:\dev_robot\src\build\robot_control\install.log --single-version-externally-managed
[2.062s] running egg_info
[2.062s] writing C:\dev_robot\src\build\robot_control\robot_control.egg-info\PKG-INFO
[2.062s] writing dependency_links to C:\dev_robot\src\build\robot_control\robot_control.egg-info\dependency_links.txt
[2.078s] writing entry points to C:\dev_robot\src\build\robot_control\robot_control.egg-info\entry_points.txt
[2.078s] writing requirements to C:\dev_robot\src\build\robot_control\robot_control.egg-info\requires.txt
[2.078s] writing top-level names to C:\dev_robot\src\build\robot_control\robot_control.egg-info\top_level.txt
[2.109s] reading manifest file 'C:\dev_robot\src\build\robot_control\robot_control.egg-info\SOURCES.txt'
[2.109s] writing manifest file 'C:\dev_robot\src\build\robot_control\robot_control.egg-info\SOURCES.txt'
[2.109s] running build
[2.109s] running build_py
[2.109s] copying robot_control\Control_V3.py -> C:\dev_robot\src\build\robot_control\build\lib\robot_control
[2.125s] running install
[2.125s] running install_lib
[2.125s] copying C:\dev_robot\src\build\robot_control\build\lib\robot_control\Control_V3.py -> C:\dev_robot\src\install\Lib\site-packages\robot_control
[2.125s] writing byte-compilation script 'C:\Users\guibe\AppData\Local\Temp\tmpue16cs2z.py'
[2.125s] c:\opt\ros\foxy\x64\python.exe C:\Users\guibe\AppData\Local\Temp\tmpue16cs2z.py
[2.234s]   File "C:\dev_robot\src\install\Lib\site-packages\robot_control\Control_V3.py", line 71
[2.234s]     match state:
[2.234s]           ^
[2.234s] SyntaxError: invalid syntax
[2.234s] 
[2.234s] removing C:\Users\guibe\AppData\Local\Temp\tmpue16cs2z.py
[2.234s] running install_data
[2.234s] running install_egg_info
[2.250s] removing 'C:\dev_robot\src\install\Lib\site-packages\robot_control-1.0.0-py3.8.egg-info' (and everything under it)
[2.250s] Copying C:\dev_robot\src\build\robot_control\robot_control.egg-info to C:\dev_robot\src\install\Lib\site-packages\robot_control-1.0.0-py3.8.egg-info
[2.265s] running install_scripts
[2.312s] Installing motor_control-script.py script to C:\dev_robot\src\install\lib\robot_control
[2.312s] Installing motor_control.exe script to C:\dev_robot\src\install\lib\robot_control
[2.328s] writing list of installed files to 'C:\dev_robot\src\build\robot_control\install.log'
[2.359s] Invoked command in 'C:\dev_robot\src\robot_control' returned '0': PYTHONPATH=C:\dev_robot\src\install\Lib\site-packages;%PYTHONPATH% c:\opt\ros\foxy\x64\python.exe setup.py egg_info --egg-base C:\dev_robot\src\build\robot_control build --build-base C:\dev_robot\src\build\robot_control\build install --prefix C:\dev_robot\src\install --record C:\dev_robot\src\build\robot_control\install.log --single-version-externally-managed
