[0.484s] Invoking command in '/home/louis/dev_robot/src/robot_control': PYTHONPATH=/home/louis/dev_robot/install/robot_control/lib/python3.8/site-packages:${PYTHONPATH} /usr/bin/python3 setup.py egg_info --egg-base ../../build/robot_control build --build-base /home/louis/dev_robot/build/robot_control/build install --prefix /home/louis/dev_robot/install/robot_control --record /home/louis/dev_robot/build/robot_control/install.log --single-version-externally-managed
[0.641s] running egg_info
[0.641s] writing ../../build/robot_control/robot_control.egg-info/PKG-INFO
[0.642s] writing dependency_links to ../../build/robot_control/robot_control.egg-info/dependency_links.txt
[0.642s] writing entry points to ../../build/robot_control/robot_control.egg-info/entry_points.txt
[0.642s] writing requirements to ../../build/robot_control/robot_control.egg-info/requires.txt
[0.643s] writing top-level names to ../../build/robot_control/robot_control.egg-info/top_level.txt
[0.669s] reading manifest file '../../build/robot_control/robot_control.egg-info/SOURCES.txt'
[0.669s] writing manifest file '../../build/robot_control/robot_control.egg-info/SOURCES.txt'
[0.670s] running build
[0.670s] running build_py
[0.670s] copying robot_control/motor_control.py -> /home/louis/dev_robot/build/robot_control/build/lib/robot_control
[0.670s] running install
[0.671s] running install_lib
[0.672s] copying /home/louis/dev_robot/build/robot_control/build/lib/robot_control/motor_control.py -> /home/louis/dev_robot/install/robot_control/lib/python3.8/site-packages/robot_control
[0.673s] byte-compiling /home/louis/dev_robot/install/robot_control/lib/python3.8/site-packages/robot_control/motor_control.py to motor_control.cpython-38.pyc
[0.674s] byte-compiling /home/louis/dev_robot/install/robot_control/lib/python3.8/site-packages/robot_control/Control_V3.py to Control_V3.cpython-38.pyc
[0.674s]   File "/home/louis/dev_robot/install/robot_control/lib/python3.8/site-packages/robot_control/Control_V3.py", line 71
[0.674s]     match self.motor_ctrl_state:
[0.674s]           ^
[0.674s] SyntaxError: invalid syntax
[0.675s] 
[0.675s] running install_data
[0.675s] copying package.xml -> /home/louis/dev_robot/install/robot_control/share/robot_control
[0.675s] running install_egg_info
[0.677s] removing '/home/louis/dev_robot/install/robot_control/lib/python3.8/site-packages/robot_control-1.0.0-py3.8.egg-info' (and everything under it)
[0.677s] Copying ../../build/robot_control/robot_control.egg-info to /home/louis/dev_robot/install/robot_control/lib/python3.8/site-packages/robot_control-1.0.0-py3.8.egg-info
[0.678s] running install_scripts
[0.690s] Installing motor_control script to /home/louis/dev_robot/install/robot_control/lib/robot_control
[0.691s] Installing path_control script to /home/louis/dev_robot/install/robot_control/lib/robot_control
[0.691s] writing list of installed files to '/home/louis/dev_robot/build/robot_control/install.log'
[0.712s] Invoked command in '/home/louis/dev_robot/src/robot_control' returned '0': PYTHONPATH=/home/louis/dev_robot/install/robot_control/lib/python3.8/site-packages:${PYTHONPATH} /usr/bin/python3 setup.py egg_info --egg-base ../../build/robot_control build --build-base /home/louis/dev_robot/build/robot_control/build install --prefix /home/louis/dev_robot/install/robot_control --record /home/louis/dev_robot/build/robot_control/install.log --single-version-externally-managed
