[1.203s] Invoking command in 'C:\dev_robot\src\robot_control': PYTHONPATH=C:\dev_robot\src\install\Lib\site-packages;%PYTHONPATH% c:\opt\ros\foxy\x64\python.exe setup.py egg_info --egg-base C:\dev_robot\src\build\robot_control build --build-base C:\dev_robot\src\build\robot_control\build install --prefix C:\dev_robot\src\install --record C:\dev_robot\src\build\robot_control\install.log --single-version-externally-managed
[2.063s] running egg_info
[2.063s] writing C:\dev_robot\src\build\robot_control\robot_control.egg-info\PKG-INFO
[2.063s] writing dependency_links to C:\dev_robot\src\build\robot_control\robot_control.egg-info\dependency_links.txt
[2.063s] writing entry points to C:\dev_robot\src\build\robot_control\robot_control.egg-info\entry_points.txt
[2.063s] writing requirements to C:\dev_robot\src\build\robot_control\robot_control.egg-info\requires.txt
[2.063s] writing top-level names to C:\dev_robot\src\build\robot_control\robot_control.egg-info\top_level.txt
[2.110s] reading manifest file 'C:\dev_robot\src\build\robot_control\robot_control.egg-info\SOURCES.txt'
[2.110s] writing manifest file 'C:\dev_robot\src\build\robot_control\robot_control.egg-info\SOURCES.txt'
[2.110s] running build
[2.110s] running build_py
[2.110s] copying robot_control\Control_V3.py -> C:\dev_robot\src\build\robot_control\build\lib\robot_control
[2.110s] copying robot_control\motor_control.py -> C:\dev_robot\src\build\robot_control\build\lib\robot_control
[2.110s] running install
[2.110s] running install_lib
[2.125s] copying C:\dev_robot\src\build\robot_control\build\lib\robot_control\Control_V3.py -> C:\dev_robot\src\install\Lib\site-packages\robot_control
[2.125s] copying C:\dev_robot\src\build\robot_control\build\lib\robot_control\motor_control.py -> C:\dev_robot\src\install\Lib\site-packages\robot_control
[2.125s] writing byte-compilation script 'C:\Users\guibe\AppData\Local\Temp\tmpid863z46.py'
[2.125s] c:\opt\ros\foxy\x64\python.exe C:\Users\guibe\AppData\Local\Temp\tmpid863z46.py
[2.235s]   File "C:\dev_robot\src\install\Lib\site-packages\robot_control\Control_V3.py", line 71
[2.235s]     match self.motor_ctrl_state:
[2.235s]           ^
[2.235s] SyntaxError: invalid syntax
[2.235s] 
[2.250s] removing C:\Users\guibe\AppData\Local\Temp\tmpid863z46.py
[2.250s] running install_data
[2.250s] running install_egg_info
[2.250s] removing 'C:\dev_robot\src\install\Lib\site-packages\robot_control-1.0.0-py3.8.egg-info' (and everything under it)
[2.266s] Copying C:\dev_robot\src\build\robot_control\robot_control.egg-info to C:\dev_robot\src\install\Lib\site-packages\robot_control-1.0.0-py3.8.egg-info
[2.281s] running install_scripts
[2.328s] Installing motor_control-script.py script to C:\dev_robot\src\install\lib\robot_control
[2.328s] Installing motor_control.exe script to C:\dev_robot\src\install\lib\robot_control
[2.328s] writing list of installed files to 'C:\dev_robot\src\build\robot_control\install.log'
[2.375s] Invoked command in 'C:\dev_robot\src\robot_control' returned '0': PYTHONPATH=C:\dev_robot\src\install\Lib\site-packages;%PYTHONPATH% c:\opt\ros\foxy\x64\python.exe setup.py egg_info --egg-base C:\dev_robot\src\build\robot_control build --build-base C:\dev_robot\src\build\robot_control\build install --prefix C:\dev_robot\src\install --record C:\dev_robot\src\build\robot_control\install.log --single-version-externally-managed
