[1.125s] Invoking command in 'C:\dev_robot\src\robot_control': PYTHONPATH=C:\dev_robot\src\install\Lib\site-packages;%PYTHONPATH% c:\opt\ros\foxy\x64\python.exe setup.py egg_info --egg-base C:\dev_robot\src\build\robot_control build --build-base C:\dev_robot\src\build\robot_control\build install --prefix C:\dev_robot\src\install --record C:\dev_robot\src\build\robot_control\install.log --single-version-externally-managed
[1.984s] running egg_info
[2.000s] writing C:\dev_robot\src\build\robot_control\robot_control.egg-info\PKG-INFO
[2.000s] writing dependency_links to C:\dev_robot\src\build\robot_control\robot_control.egg-info\dependency_links.txt
[2.000s] writing entry points to C:\dev_robot\src\build\robot_control\robot_control.egg-info\entry_points.txt
[2.000s] writing requirements to C:\dev_robot\src\build\robot_control\robot_control.egg-info\requires.txt
[2.000s] writing top-level names to C:\dev_robot\src\build\robot_control\robot_control.egg-info\top_level.txt
[2.031s] reading manifest file 'C:\dev_robot\src\build\robot_control\robot_control.egg-info\SOURCES.txt'
[2.031s] writing manifest file 'C:\dev_robot\src\build\robot_control\robot_control.egg-info\SOURCES.txt'
[2.031s] running build
[2.031s] running build_py
[2.031s] copying robot_control\Control_V3.py -> C:\dev_robot\src\build\robot_control\build\lib\robot_control
[2.047s] copying robot_control\motor_control.py -> C:\dev_robot\src\build\robot_control\build\lib\robot_control
[2.047s] running install
[2.047s] running install_lib
[2.047s] copying C:\dev_robot\src\build\robot_control\build\lib\robot_control\Control_V3.py -> C:\dev_robot\src\install\Lib\site-packages\robot_control
[2.047s] copying C:\dev_robot\src\build\robot_control\build\lib\robot_control\motor_control.py -> C:\dev_robot\src\install\Lib\site-packages\robot_control
[2.047s] writing byte-compilation script 'C:\Users\guibe\AppData\Local\Temp\tmp1pwrhuku.py'
[2.062s] c:\opt\ros\foxy\x64\python.exe C:\Users\guibe\AppData\Local\Temp\tmp1pwrhuku.py
[2.172s]   File "C:\dev_robot\src\install\Lib\site-packages\robot_control\Control_V3.py", line 71
[2.172s]     match self.motor_ctrl_data:
[2.172s]           ^
[2.172s] SyntaxError: invalid syntax
[2.172s] 
[2.172s] removing C:\Users\guibe\AppData\Local\Temp\tmp1pwrhuku.py
[2.172s] running install_data
[2.172s] copying package.xml -> C:\dev_robot\src\install\share\robot_control
[2.172s] running install_egg_info
[2.187s] Copying C:\dev_robot\src\build\robot_control\robot_control.egg-info to C:\dev_robot\src\install\Lib\site-packages\robot_control-1.0.0-py3.8.egg-info
[2.219s] running install_scripts
[2.250s] Installing motor_control-script.py script to C:\dev_robot\src\install\lib\robot_control
[2.266s] Installing motor_control.exe script to C:\dev_robot\src\install\lib\robot_control
[2.266s] writing list of installed files to 'C:\dev_robot\src\build\robot_control\install.log'
[2.297s] Invoked command in 'C:\dev_robot\src\robot_control' returned '0': PYTHONPATH=C:\dev_robot\src\install\Lib\site-packages;%PYTHONPATH% c:\opt\ros\foxy\x64\python.exe setup.py egg_info --egg-base C:\dev_robot\src\build\robot_control build --build-base C:\dev_robot\src\build\robot_control\build install --prefix C:\dev_robot\src\install --record C:\dev_robot\src\build\robot_control\install.log --single-version-externally-managed
