[0.500s] Invoking command in '/home/louis/dev_robot/src/robot_control': PYTHONPATH=/home/louis/dev_robot/install/robot_control/lib/python3.8/site-packages:${PYTHONPATH} /usr/bin/python3 setup.py egg_info --egg-base ../../build/robot_control build --build-base /home/louis/dev_robot/build/robot_control/build install --prefix /home/louis/dev_robot/install/robot_control --record /home/louis/dev_robot/build/robot_control/install.log --single-version-externally-managed
[0.664s] running egg_info
[0.665s] writing ../../build/robot_control/robot_control.egg-info/PKG-INFO
[0.665s] writing dependency_links to ../../build/robot_control/robot_control.egg-info/dependency_links.txt
[0.665s] writing entry points to ../../build/robot_control/robot_control.egg-info/entry_points.txt
[0.666s] writing requirements to ../../build/robot_control/robot_control.egg-info/requires.txt
[0.666s] writing top-level names to ../../build/robot_control/robot_control.egg-info/top_level.txt
[0.693s] reading manifest file '../../build/robot_control/robot_control.egg-info/SOURCES.txt'
[0.694s] writing manifest file '../../build/robot_control/robot_control.egg-info/SOURCES.txt'
[0.694s] running build
[0.694s] running build_py
[0.694s] running install
[0.695s] running install_lib
[0.697s] byte-compiling /home/louis/dev_robot/install/robot_control/lib/python3.8/site-packages/robot_control/Control_V3.py to Control_V3.cpython-38.pyc
[0.698s]   File "/home/louis/dev_robot/install/robot_control/lib/python3.8/site-packages/robot_control/Control_V3.py", line 71
[0.698s]     match self.motor_ctrl_state:
[0.698s]           ^
[0.698s] SyntaxError: invalid syntax
[0.698s] 
[0.698s] running install_data
[0.699s] running install_egg_info
[0.700s] removing '/home/louis/dev_robot/install/robot_control/lib/python3.8/site-packages/robot_control-1.0.0-py3.8.egg-info' (and everything under it)
[0.700s] Copying ../../build/robot_control/robot_control.egg-info to /home/louis/dev_robot/install/robot_control/lib/python3.8/site-packages/robot_control-1.0.0-py3.8.egg-info
[0.701s] running install_scripts
[0.716s] Installing motor_control script to /home/louis/dev_robot/install/robot_control/lib/robot_control
[0.716s] Installing path_control script to /home/louis/dev_robot/install/robot_control/lib/robot_control
[0.717s] writing list of installed files to '/home/louis/dev_robot/build/robot_control/install.log'
[0.744s] Invoked command in '/home/louis/dev_robot/src/robot_control' returned '0': PYTHONPATH=/home/louis/dev_robot/install/robot_control/lib/python3.8/site-packages:${PYTHONPATH} /usr/bin/python3 setup.py egg_info --egg-base ../../build/robot_control build --build-base /home/louis/dev_robot/build/robot_control/build install --prefix /home/louis/dev_robot/install/robot_control --record /home/louis/dev_robot/build/robot_control/install.log --single-version-externally-managed
