[0.503s] Invoking command in '/home/louis/dev_robot_ws/src/robot_control': PYTHONPATH=/home/louis/dev_robot_ws/install/robot_control/lib/python3.8/site-packages:${PYTHONPATH} /usr/bin/python3 setup.py egg_info --egg-base ../../build/robot_control build --build-base /home/louis/dev_robot_ws/build/robot_control/build install --prefix /home/louis/dev_robot_ws/install/robot_control --record /home/louis/dev_robot_ws/build/robot_control/install.log --single-version-externally-managed
[0.666s] running egg_info
[0.666s] writing ../../build/robot_control/robot_control.egg-info/PKG-INFO
[0.667s] writing dependency_links to ../../build/robot_control/robot_control.egg-info/dependency_links.txt
[0.667s] writing entry points to ../../build/robot_control/robot_control.egg-info/entry_points.txt
[0.668s] writing requirements to ../../build/robot_control/robot_control.egg-info/requires.txt
[0.668s] writing top-level names to ../../build/robot_control/robot_control.egg-info/top_level.txt
[0.694s] reading manifest file '../../build/robot_control/robot_control.egg-info/SOURCES.txt'
[0.695s] writing manifest file '../../build/robot_control/robot_control.egg-info/SOURCES.txt'
[0.695s] running build
[0.695s] running build_py
[0.696s] running install
[0.696s] running install_lib
[0.697s] running install_data
[0.698s] running install_egg_info
[0.699s] removing '/home/louis/dev_robot_ws/install/robot_control/lib/python3.8/site-packages/robot_control-1.0.0-py3.8.egg-info' (and everything under it)
[0.700s] Copying ../../build/robot_control/robot_control.egg-info to /home/louis/dev_robot_ws/install/robot_control/lib/python3.8/site-packages/robot_control-1.0.0-py3.8.egg-info
[0.700s] running install_scripts
[0.714s] Installing motor_control script to /home/louis/dev_robot_ws/install/robot_control/lib/robot_control
[0.714s] Installing path_control script to /home/louis/dev_robot_ws/install/robot_control/lib/robot_control
[0.714s] writing list of installed files to '/home/louis/dev_robot_ws/build/robot_control/install.log'
[0.736s] Invoked command in '/home/louis/dev_robot_ws/src/robot_control' returned '0': PYTHONPATH=/home/louis/dev_robot_ws/install/robot_control/lib/python3.8/site-packages:${PYTHONPATH} /usr/bin/python3 setup.py egg_info --egg-base ../../build/robot_control build --build-base /home/louis/dev_robot_ws/build/robot_control/build install --prefix /home/louis/dev_robot_ws/install/robot_control --record /home/louis/dev_robot_ws/build/robot_control/install.log --single-version-externally-managed
