[0.474s] Invoking command in '/home/louis/dev_robot/src/robot_control': PYTHONPATH=/home/louis/dev_robot/src/install/robot_control/lib/python3.8/site-packages:${PYTHONPATH} /usr/bin/python3 setup.py egg_info --egg-base ../build/robot_control build --build-base /home/louis/dev_robot/src/build/robot_control/build install --prefix /home/louis/dev_robot/src/install/robot_control --record /home/louis/dev_robot/src/build/robot_control/install.log --single-version-externally-managed
[0.629s] running egg_info
[0.630s] creating ../build/robot_control/robot_control.egg-info
[0.630s] writing ../build/robot_control/robot_control.egg-info/PKG-INFO
[0.630s] writing dependency_links to ../build/robot_control/robot_control.egg-info/dependency_links.txt
[0.631s] writing entry points to ../build/robot_control/robot_control.egg-info/entry_points.txt
[0.631s] writing requirements to ../build/robot_control/robot_control.egg-info/requires.txt
[0.632s] writing top-level names to ../build/robot_control/robot_control.egg-info/top_level.txt
[0.633s] writing manifest file '../build/robot_control/robot_control.egg-info/SOURCES.txt'
[0.658s] reading manifest file '../build/robot_control/robot_control.egg-info/SOURCES.txt'
[0.659s] writing manifest file '../build/robot_control/robot_control.egg-info/SOURCES.txt'
[0.659s] running build
[0.659s] running build_py
[0.659s] creating /home/louis/dev_robot/src/build/robot_control/build
[0.660s] creating /home/louis/dev_robot/src/build/robot_control/build/lib
[0.660s] creating /home/louis/dev_robot/src/build/robot_control/build/lib/robot_control
[0.660s] copying robot_control/path_control.py -> /home/louis/dev_robot/src/build/robot_control/build/lib/robot_control
[0.660s] copying robot_control/__init__.py -> /home/louis/dev_robot/src/build/robot_control/build/lib/robot_control
[0.660s] copying robot_control/motor_control.py -> /home/louis/dev_robot/src/build/robot_control/build/lib/robot_control
[0.661s] copying robot_control/Control_V3.py -> /home/louis/dev_robot/src/build/robot_control/build/lib/robot_control
[0.661s] running install
[0.662s] running install_lib
[0.662s] creating /home/louis/dev_robot/src/install/robot_control/lib/python3.8/site-packages/robot_control
[0.663s] copying /home/louis/dev_robot/src/build/robot_control/build/lib/robot_control/path_control.py -> /home/louis/dev_robot/src/install/robot_control/lib/python3.8/site-packages/robot_control
[0.663s] copying /home/louis/dev_robot/src/build/robot_control/build/lib/robot_control/__init__.py -> /home/louis/dev_robot/src/install/robot_control/lib/python3.8/site-packages/robot_control
[0.663s] copying /home/louis/dev_robot/src/build/robot_control/build/lib/robot_control/motor_control.py -> /home/louis/dev_robot/src/install/robot_control/lib/python3.8/site-packages/robot_control
[0.663s] copying /home/louis/dev_robot/src/build/robot_control/build/lib/robot_control/Control_V3.py -> /home/louis/dev_robot/src/install/robot_control/lib/python3.8/site-packages/robot_control
[0.664s] byte-compiling /home/louis/dev_robot/src/install/robot_control/lib/python3.8/site-packages/robot_control/path_control.py to path_control.cpython-38.pyc
[0.665s] byte-compiling /home/louis/dev_robot/src/install/robot_control/lib/python3.8/site-packages/robot_control/__init__.py to __init__.cpython-38.pyc
[0.665s] byte-compiling /home/louis/dev_robot/src/install/robot_control/lib/python3.8/site-packages/robot_control/motor_control.py to motor_control.cpython-38.pyc
[0.666s] byte-compiling /home/louis/dev_robot/src/install/robot_control/lib/python3.8/site-packages/robot_control/Control_V3.py to Control_V3.cpython-38.pyc
[0.666s]   File "/home/louis/dev_robot/src/install/robot_control/lib/python3.8/site-packages/robot_control/Control_V3.py", line 71
[0.666s]     match self.motor_ctrl_state:
[0.666s]           ^
[0.666s] SyntaxError: invalid syntax
[0.666s] 
[0.666s] running install_data
[0.667s] creating /home/louis/dev_robot/src/install/robot_control/share/ament_index
[0.667s] creating /home/louis/dev_robot/src/install/robot_control/share/ament_index/resource_index
[0.667s] creating /home/louis/dev_robot/src/install/robot_control/share/ament_index/resource_index/packages
[0.667s] copying resource/robot_control -> /home/louis/dev_robot/src/install/robot_control/share/ament_index/resource_index/packages
[0.668s] copying package.xml -> /home/louis/dev_robot/src/install/robot_control/share/robot_control
[0.668s] running install_egg_info
[0.669s] Copying ../build/robot_control/robot_control.egg-info to /home/louis/dev_robot/src/install/robot_control/lib/python3.8/site-packages/robot_control-1.0.0-py3.8.egg-info
[0.670s] running install_scripts
[0.682s] Installing motor_control script to /home/louis/dev_robot/src/install/robot_control/lib/robot_control
[0.683s] writing list of installed files to '/home/louis/dev_robot/src/build/robot_control/install.log'
[0.701s] Invoked command in '/home/louis/dev_robot/src/robot_control' returned '0': PYTHONPATH=/home/louis/dev_robot/src/install/robot_control/lib/python3.8/site-packages:${PYTHONPATH} /usr/bin/python3 setup.py egg_info --egg-base ../build/robot_control build --build-base /home/louis/dev_robot/src/build/robot_control/build install --prefix /home/louis/dev_robot/src/install/robot_control --record /home/louis/dev_robot/src/build/robot_control/install.log --single-version-externally-managed
