[0.550s] Invoking command in '/home/louis/dev_robot/src/robot_control': PYTHONPATH=/home/louis/dev_robot/install/robot_control/lib/python3.8/site-packages:${PYTHONPATH} /usr/bin/python3 setup.py egg_info --egg-base ../../build/robot_control build --build-base /home/louis/dev_robot/build/robot_control/build install --prefix /home/louis/dev_robot/install/robot_control --record /home/louis/dev_robot/build/robot_control/install.log --single-version-externally-managed
[0.719s] running egg_info
[0.719s] writing ../../build/robot_control/robot_control.egg-info/PKG-INFO
[0.720s] writing dependency_links to ../../build/robot_control/robot_control.egg-info/dependency_links.txt
[0.720s] writing entry points to ../../build/robot_control/robot_control.egg-info/entry_points.txt
[0.720s] writing requirements to ../../build/robot_control/robot_control.egg-info/requires.txt
[0.721s] writing top-level names to ../../build/robot_control/robot_control.egg-info/top_level.txt
[0.749s] reading manifest file '../../build/robot_control/robot_control.egg-info/SOURCES.txt'
[0.751s] writing manifest file '../../build/robot_control/robot_control.egg-info/SOURCES.txt'
[0.751s] running build
[0.751s] running build_py
[0.751s] running install
[0.752s] running install_lib
[0.754s] byte-compiling /home/louis/dev_robot/install/robot_control/lib/python3.8/site-packages/robot_control/Control_V3.py to Control_V3.cpython-38.pyc
[0.755s]   File "/home/louis/dev_robot/install/robot_control/lib/python3.8/site-packages/robot_control/Control_V3.py", line 73
[0.755s]     match self.left_motor:
[0.755s]           ^
[0.755s] SyntaxError: invalid syntax
[0.755s] 
[0.755s] running install_data
[0.756s] running install_egg_info
[0.757s] removing '/home/louis/dev_robot/install/robot_control/lib/python3.8/site-packages/robot_control-1.0.0-py3.8.egg-info' (and everything under it)
[0.757s] Copying ../../build/robot_control/robot_control.egg-info to /home/louis/dev_robot/install/robot_control/lib/python3.8/site-packages/robot_control-1.0.0-py3.8.egg-info
[0.758s] running install_scripts
[0.772s] Installing motor_control script to /home/louis/dev_robot/install/robot_control/lib/robot_control
[0.773s] Installing path_control script to /home/louis/dev_robot/install/robot_control/lib/robot_control
[0.773s] writing list of installed files to '/home/louis/dev_robot/build/robot_control/install.log'
[0.796s] Invoked command in '/home/louis/dev_robot/src/robot_control' returned '0': PYTHONPATH=/home/louis/dev_robot/install/robot_control/lib/python3.8/site-packages:${PYTHONPATH} /usr/bin/python3 setup.py egg_info --egg-base ../../build/robot_control build --build-base /home/louis/dev_robot/build/robot_control/build install --prefix /home/louis/dev_robot/install/robot_control --record /home/louis/dev_robot/build/robot_control/install.log --single-version-externally-managed
