[0.487s] Invoking command in '/home/louis/dev_robot/src/robot_control': PYTHONPATH=/home/louis/dev_robot/install/robot_control/lib/python3.8/site-packages:${PYTHONPATH} /usr/bin/python3 setup.py egg_info --egg-base ../../build/robot_control build --build-base /home/louis/dev_robot/build/robot_control/build install --prefix /home/louis/dev_robot/install/robot_control --record /home/louis/dev_robot/build/robot_control/install.log --single-version-externally-managed
[0.644s] running egg_info
[0.644s] writing ../../build/robot_control/robot_control.egg-info/PKG-INFO
[0.645s] writing dependency_links to ../../build/robot_control/robot_control.egg-info/dependency_links.txt
[0.645s] writing entry points to ../../build/robot_control/robot_control.egg-info/entry_points.txt
[0.645s] writing requirements to ../../build/robot_control/robot_control.egg-info/requires.txt
[0.646s] writing top-level names to ../../build/robot_control/robot_control.egg-info/top_level.txt
[0.671s] reading manifest file '../../build/robot_control/robot_control.egg-info/SOURCES.txt'
[0.672s] writing manifest file '../../build/robot_control/robot_control.egg-info/SOURCES.txt'
[0.673s] running build
[0.673s] running build_py
[0.673s] running install
[0.674s] running install_lib
[0.675s] byte-compiling /home/louis/dev_robot/install/robot_control/lib/python3.8/site-packages/robot_control/path_control.py to path_control.cpython-38.pyc
[0.676s] running install_data
[0.677s] running install_egg_info
[0.678s] removing '/home/louis/dev_robot/install/robot_control/lib/python3.8/site-packages/robot_control-1.0.0-py3.8.egg-info' (and everything under it)
[0.678s] Copying ../../build/robot_control/robot_control.egg-info to /home/louis/dev_robot/install/robot_control/lib/python3.8/site-packages/robot_control-1.0.0-py3.8.egg-info
[0.679s] running install_scripts
[0.692s] Installing motor_control script to /home/louis/dev_robot/install/robot_control/lib/robot_control
[0.692s] Installing path_control script to /home/louis/dev_robot/install/robot_control/lib/robot_control
[0.692s] writing list of installed files to '/home/louis/dev_robot/build/robot_control/install.log'
[0.714s] Invoked command in '/home/louis/dev_robot/src/robot_control' returned '0': PYTHONPATH=/home/louis/dev_robot/install/robot_control/lib/python3.8/site-packages:${PYTHONPATH} /usr/bin/python3 setup.py egg_info --egg-base ../../build/robot_control build --build-base /home/louis/dev_robot/build/robot_control/build install --prefix /home/louis/dev_robot/install/robot_control --record /home/louis/dev_robot/build/robot_control/install.log --single-version-externally-managed
